<?xml version="1.0" encoding="utf-8"?><testsuites name="pytest tests"><testsuite name="pytest" errors="0" failures="0" skipped="0" tests="50" time="11.592" timestamp="2026-04-28T01:48:57.946513+00:00" hostname="agent-env-9cbcd8bd-421b-4109-ab2a-e2261a79d393"><testcase classname="backend.tests.backend_test.TestAuth" name="test_login_valid" time="0.391" /><testcase classname="backend.tests.backend_test.TestAuth" name="test_login_invalid" time="0.271" /><testcase classname="backend.tests.backend_test.TestAuth" name="test_me_with_bearer" time="0.359" /><testcase classname="backend.tests.backend_test.TestAuth" name="test_me_no_auth" time="0.109" /><testcase classname="backend.tests.backend_test.TestAuth" name="test_register_new" time="0.388" /><testcase classname="backend.tests.backend_test.TestCategoriesItems" name="test_list_categories" time="0.054" /><testcase classname="backend.tests.backend_test.TestCategoriesItems" name="test_list_items" time="0.050" /><testcase classname="backend.tests.backend_test.TestCategoriesItems" name="test_category_crud_cycle" time="0.243" /><testcase classname="backend.tests.backend_test.TestCategoriesItems" name="test_item_crud_cycle" time="0.195" /><testcase classname="backend.tests.backend_test.TestTables" name="test_list_tables" time="0.056" /><testcase classname="backend.tests.backend_test.TestTables" name="test_table_qr" time="0.113" /><testcase classname="backend.tests.backend_test.TestStock" name="test_list_stock" time="0.052" /><testcase classname="backend.tests.backend_test.TestStock" name="test_stock_crud" time="0.144" /><testcase classname="backend.tests.backend_test.TestOrders" name="test_list_orders" time="0.188" /><testcase classname="backend.tests.backend_test.TestOrders" name="test_order_lifecycle" time="0.340" /><testcase classname="backend.tests.backend_test.TestAnalytics" name="test_dashboard" time="0.058" /><testcase classname="backend.tests.backend_test.TestAnalytics" name="test_trends" time="0.056" /><testcase classname="backend.tests.backend_test.TestPublic" name="test_public_menu_no_auth" time="0.124" /><testcase classname="backend.tests.backend_test.TestPublic" name="test_public_menu_404" time="0.142" /><testcase classname="backend.tests.backend_test.TestPublic" name="test_public_place_order" time="0.270" /><testcase classname="backend.tests.backend_test.TestMultiTenant" name="test_isolation" time="0.662" /><testcase classname="backend.tests.test_iteration2.TestSeededAccountsLogin" name="test_login[owner]" time="0.337" /><testcase classname="backend.tests.test_iteration2.TestSeededAccountsLogin" name="test_login[manager]" time="0.352" /><testcase classname="backend.tests.test_iteration2.TestSeededAccountsLogin" name="test_login[kitchen]" time="0.333" /><testcase classname="backend.tests.test_iteration2.TestSeededAccountsLogin" name="test_login[waiter]" time="0.348" /><testcase classname="backend.tests.test_iteration2.TestStaffRBAC" name="test_owner_can_list_staff" time="1.471" /><testcase classname="backend.tests.test_iteration2.TestStaffRBAC" name="test_manager_can_list_staff" time="0.103" /><testcase classname="backend.tests.test_iteration2.TestStaffRBAC" name="test_kitchen_forbidden_list" time="0.117" /><testcase classname="backend.tests.test_iteration2.TestStaffRBAC" name="test_waiter_forbidden_list" time="0.115" /><testcase classname="backend.tests.test_iteration2.TestStaffRBAC" name="test_kitchen_forbidden_create" time="0.126" /><testcase classname="backend.tests.test_iteration2.TestStaffRBAC" name="test_waiter_forbidden_create" time="0.112" /><testcase classname="backend.tests.test_iteration2.TestStaffRBAC" name="test_owner_create_kitchen_then_delete" time="0.610" /><testcase classname="backend.tests.test_iteration2.TestStaffRBAC" name="test_manager_cannot_create_manager" time="0.107" /><testcase classname="backend.tests.test_iteration2.TestStaffRBAC" name="test_manager_can_create_waiter" time="0.446" /><testcase classname="backend.tests.test_iteration2.TestStaffRBAC" name="test_cannot_modify_owner" time="0.213" /><testcase classname="backend.tests.test_iteration2.TestStaffRBAC" name="test_cannot_delete_owner" time="0.285" /><testcase classname="backend.tests.test_iteration2.TestStaffRBAC" name="test_cannot_delete_self" time="0.114" /><testcase classname="backend.tests.test_iteration2.TestCSVExports" name="test_csv_export[/export/orders.csv-commandes.csv]" time="0.144" /><testcase classname="backend.tests.test_iteration2.TestCSVExports" name="test_csv_export[/export/stock.csv-stock.csv]" time="0.107" /><testcase classname="backend.tests.test_iteration2.TestCSVExports" name="test_csv_export[/export/items.csv-menu.csv]" time="0.135" /><testcase classname="backend.tests.test_iteration2.TestFeedback" name="test_owner_lists_feedback" time="0.122" /><testcase classname="backend.tests.test_iteration2.TestFeedback" name="test_public_post_feedback_no_auth" time="0.110" /><testcase classname="backend.tests.test_iteration2.TestFeedback" name="test_public_feedback_rating_clamped_high" time="0.120" /><testcase classname="backend.tests.test_iteration2.TestFeedback" name="test_public_feedback_rating_clamped_low" time="0.107" /><testcase classname="backend.tests.test_iteration2.TestFeedback" name="test_public_feedback_404" time="0.140" /><testcase classname="backend.tests.test_iteration2.TestKitchenRoleOrders" name="test_kitchen_can_get_orders" time="0.246" /><testcase classname="backend.tests.test_iteration2.TestKitchenRoleOrders" name="test_kitchen_can_patch_order_status" time="0.499" /><testcase classname="backend.tests.test_iteration2.TestRegressionSmoke" name="test_owner_dashboard" time="0.115" /><testcase classname="backend.tests.test_iteration2.TestRegressionSmoke" name="test_public_menu" time="0.111" /><testcase classname="backend.tests.test_iteration2.TestRegressionSmoke" name="test_manager_can_see_categories" time="0.101" /></testsuite></testsuites>