<?xml version="1.0" encoding="utf-8"?><testsuites name="pytest tests"><testsuite name="pytest" errors="0" failures="0" skipped="0" tests="9" time="4.157" timestamp="2026-04-28T01:48:47.642220+00:00" hostname="agent-env-9cbcd8bd-421b-4109-ab2a-e2261a79d393"><testcase classname="backend.tests.test_iteration3_ocr.TestMenuOcrAuth" name="test_no_auth_returns_401" time="0.123" /><testcase classname="backend.tests.test_iteration3_ocr.TestMenuOcrAuth" name="test_kitchen_forbidden" time="1.635" /><testcase classname="backend.tests.test_iteration3_ocr.TestMenuOcrAuth" name="test_waiter_forbidden" time="0.113" /><testcase classname="backend.tests.test_iteration3_ocr.TestMenuOcrAuth" name="test_non_image_returns_400" time="0.116" /><testcase classname="backend.tests.test_iteration3_ocr.TestMenuOcrOwnerHappy" name="test_owner_ocr_shape" time="1.272" /><testcase classname="backend.tests.test_iteration3_ocr.TestMenuOcrApply" name="test_apply_kitchen_forbidden" time="0.107" /><testcase classname="backend.tests.test_iteration3_ocr.TestMenuOcrApply" name="test_apply_waiter_forbidden" time="0.111" /><testcase classname="backend.tests.test_iteration3_ocr.TestMenuOcrApply" name="test_apply_creates_categories_and_items" time="0.351" /><testcase classname="backend.tests.test_iteration3_ocr.TestMenuOcrApply" name="test_apply_fallback_category_when_unmatched" time="0.240" /></testsuite></testsuites>