<?xml version="1.0" encoding="utf-8"?><testsuites name="pytest tests"><testsuite name="pytest" errors="0" failures="1" skipped="0" tests="29" time="7.453" timestamp="2026-04-28T01:04:27.005073+00:00" hostname="agent-env-9cbcd8bd-421b-4109-ab2a-e2261a79d393"><testcase classname="backend.tests.test_iteration2.TestSeededAccountsLogin" name="test_login[owner]" time="0.515" /><testcase classname="backend.tests.test_iteration2.TestSeededAccountsLogin" name="test_login[manager]" time="0.348" /><testcase classname="backend.tests.test_iteration2.TestSeededAccountsLogin" name="test_login[kitchen]" time="0.340" /><testcase classname="backend.tests.test_iteration2.TestSeededAccountsLogin" name="test_login[waiter]" time="0.335" /><testcase classname="backend.tests.test_iteration2.TestStaffRBAC" name="test_owner_can_list_staff" time="1.487" /><testcase classname="backend.tests.test_iteration2.TestStaffRBAC" name="test_manager_can_list_staff" time="0.158" /><testcase classname="backend.tests.test_iteration2.TestStaffRBAC" name="test_kitchen_forbidden_list" time="0.120" /><testcase classname="backend.tests.test_iteration2.TestStaffRBAC" name="test_waiter_forbidden_list" time="0.139" /><testcase classname="backend.tests.test_iteration2.TestStaffRBAC" name="test_kitchen_forbidden_create" time="0.123" /><testcase classname="backend.tests.test_iteration2.TestStaffRBAC" name="test_waiter_forbidden_create" time="0.102" /><testcase classname="backend.tests.test_iteration2.TestStaffRBAC" name="test_owner_create_kitchen_then_delete" time="0.352"><failure message="AssertionError: assert 'test_kit_2ee34b@x.com' == 'TEST_kit_2ee34b@x.com'&#10;  &#10;  - TEST_kit_2ee34b@x.com&#10;  ? ^^^^&#10;  + test_kit_2ee34b@x.com&#10;  ? ^^^^">backend/tests/test_iteration2.py:102: in test_owner_create_kitchen_then_delete
    assert r.json()["email"] == email
E   AssertionError: assert 'test_kit_2ee34b@x.com' == 'TEST_kit_2ee34b@x.com'
E     
E     - TEST_kit_2ee34b@x.com
E     ? ^^^^
E     + test_kit_2ee34b@x.com
E     ? ^^^^</failure></testcase><testcase classname="backend.tests.test_iteration2.TestStaffRBAC" name="test_manager_cannot_create_manager" time="0.165" /><testcase classname="backend.tests.test_iteration2.TestStaffRBAC" name="test_manager_can_create_waiter" time="0.525" /><testcase classname="backend.tests.test_iteration2.TestStaffRBAC" name="test_cannot_modify_owner" time="0.225" /><testcase classname="backend.tests.test_iteration2.TestStaffRBAC" name="test_cannot_delete_owner" time="0.247" /><testcase classname="backend.tests.test_iteration2.TestStaffRBAC" name="test_cannot_delete_self" time="0.106" /><testcase classname="backend.tests.test_iteration2.TestCSVExports" name="test_csv_export[/export/orders.csv-commandes.csv]" time="0.125" /><testcase classname="backend.tests.test_iteration2.TestCSVExports" name="test_csv_export[/export/stock.csv-stock.csv]" time="0.107" /><testcase classname="backend.tests.test_iteration2.TestCSVExports" name="test_csv_export[/export/items.csv-menu.csv]" time="0.116" /><testcase classname="backend.tests.test_iteration2.TestFeedback" name="test_owner_lists_feedback" time="0.101" /><testcase classname="backend.tests.test_iteration2.TestFeedback" name="test_public_post_feedback_no_auth" time="0.172" /><testcase classname="backend.tests.test_iteration2.TestFeedback" name="test_public_feedback_rating_clamped_high" time="0.124" /><testcase classname="backend.tests.test_iteration2.TestFeedback" name="test_public_feedback_rating_clamped_low" time="0.123" /><testcase classname="backend.tests.test_iteration2.TestFeedback" name="test_public_feedback_404" time="0.112" /><testcase classname="backend.tests.test_iteration2.TestKitchenRoleOrders" name="test_kitchen_can_get_orders" time="0.218" /><testcase classname="backend.tests.test_iteration2.TestKitchenRoleOrders" name="test_kitchen_can_patch_order_status" time="0.496" /><testcase classname="backend.tests.test_iteration2.TestRegressionSmoke" name="test_owner_dashboard" time="0.112" /><testcase classname="backend.tests.test_iteration2.TestRegressionSmoke" name="test_public_menu" time="0.120" /><testcase classname="backend.tests.test_iteration2.TestRegressionSmoke" name="test_manager_can_see_categories" time="0.111" /></testsuite></testsuites>