<?xml version="1.0" encoding="utf-8"?><testsuites name="pytest tests"><testsuite name="pytest" errors="0" failures="0" skipped="0" tests="21" time="4.551" timestamp="2026-04-28T00:53:30.874978+00:00" hostname="agent-env-9cbcd8bd-421b-4109-ab2a-e2261a79d393"><testcase classname="backend.tests.backend_test.TestAuth" name="test_login_valid" time="0.384" /><testcase classname="backend.tests.backend_test.TestAuth" name="test_login_invalid" time="0.276" /><testcase classname="backend.tests.backend_test.TestAuth" name="test_me_with_bearer" time="0.339" /><testcase classname="backend.tests.backend_test.TestAuth" name="test_me_no_auth" time="0.121" /><testcase classname="backend.tests.backend_test.TestAuth" name="test_register_new" time="0.391" /><testcase classname="backend.tests.backend_test.TestCategoriesItems" name="test_list_categories" time="0.079" /><testcase classname="backend.tests.backend_test.TestCategoriesItems" name="test_list_items" time="0.049" /><testcase classname="backend.tests.backend_test.TestCategoriesItems" name="test_category_crud_cycle" time="0.288" /><testcase classname="backend.tests.backend_test.TestCategoriesItems" name="test_item_crud_cycle" time="0.206" /><testcase classname="backend.tests.backend_test.TestTables" name="test_list_tables" time="0.055" /><testcase classname="backend.tests.backend_test.TestTables" name="test_table_qr" time="0.130" /><testcase classname="backend.tests.backend_test.TestStock" name="test_list_stock" time="0.050" /><testcase classname="backend.tests.backend_test.TestStock" name="test_stock_crud" time="0.161" /><testcase classname="backend.tests.backend_test.TestOrders" name="test_list_orders" time="0.168" /><testcase classname="backend.tests.backend_test.TestOrders" name="test_order_lifecycle" time="0.371" /><testcase classname="backend.tests.backend_test.TestAnalytics" name="test_dashboard" time="0.059" /><testcase classname="backend.tests.backend_test.TestAnalytics" name="test_trends" time="0.055" /><testcase classname="backend.tests.backend_test.TestPublic" name="test_public_menu_no_auth" time="0.146" /><testcase classname="backend.tests.backend_test.TestPublic" name="test_public_menu_404" time="0.130" /><testcase classname="backend.tests.backend_test.TestPublic" name="test_public_place_order" time="0.332" /><testcase classname="backend.tests.backend_test.TestMultiTenant" name="test_isolation" time="0.656" /></testsuite></testsuites>